<?xml version="1.0" encoding="UTF-8"?>
<!-- Generated by org.testng.reporters.JUnitReportReporter -->
<testsuite hostname="Lenovo-PC" name="com.qtpselenium.framework.datadriven.suiteA.Test4" tests="2" failures="0" timestamp="18 May 2016 15:28:55 GMT" time="0.156" errors="0">
  <testcase name="test4" time="0.067" classname="com.qtpselenium.framework.datadriven.suiteA.Test4"/>
  <testcase name="test4" time="0.089" classname="com.qtpselenium.framework.datadriven.suiteA.Test4"/>
</testsuite> <!-- com.qtpselenium.framework.datadriven.suiteA.Test4 -->
