<?xml version="1.0" encoding="UTF-8"?>
<!-- Generated by org.testng.reporters.JUnitReportReporter -->
<testsuite hostname="Lenovo-PC" name="com.qtpselenium.framework.datadriven.suiteB.Test1" tests="3" failures="0" timestamp="18 May 2016 15:28:55 GMT" time="0.468" errors="0">
  <testcase name="test1" time="0.072" classname="com.qtpselenium.framework.datadriven.suiteB.Test1"/>
  <testcase name="test1" time="0.078" classname="com.qtpselenium.framework.datadriven.suiteB.Test1"/>
  <testcase name="test1" time="0.318" classname="com.qtpselenium.framework.datadriven.suiteB.Test1"/>
</testsuite> <!-- com.qtpselenium.framework.datadriven.suiteB.Test1 -->
