<?xml version="1.0" encoding="UTF-8"?>
<!-- Generated by org.testng.reporters.JUnitReportReporter -->
<testsuite hostname="Lenovo-PC" name="DynamicWebTable.NewTest" tests="1" failures="0" timestamp="19 May 2016 02:59:50 GMT" time="0.016" errors="0">
  <testcase name="f" time="0.016" classname="DynamicWebTable.NewTest"/>
</testsuite> <!-- DynamicWebTable.NewTest -->
