<?xml version="1.0" encoding="UTF-8"?>
<!-- Generated by org.testng.reporters.JUnitReportReporter -->
<testsuite hostname="Lenovo-PC" name="DynamicWebTable.DynamicTable" tests="1" failures="0" timestamp="19 May 2016 03:01:37 GMT" time="42.575" errors="0">
  <testcase name="webtable" time="42.575" classname="DynamicWebTable.DynamicTable"/>
</testsuite> <!-- DynamicWebTable.DynamicTable -->
