<?xml version="1.0" encoding="UTF-8"?>
<!-- Generated by org.testng.reporters.JUnitReportReporter -->
<testsuite hostname="Lenovo-PC" name="com.AltoroMutual.TestCases.CustomerLoginTest" tests="2" failures="0" timestamp="12 Jun 2016 06:43:42 GMT" time="18.058" errors="0">
  <testcase name="CustomerLoginTest" time="14.070" classname="com.AltoroMutual.TestCases.CustomerLoginTest"/>
  <testcase name="CustomerLoginTest" time="3.988" classname="com.AltoroMutual.TestCases.CustomerLoginTest"/>
</testsuite> <!-- com.AltoroMutual.TestCases.CustomerLoginTest -->
