<?xml version="1.0" encoding="UTF-8"?>
<!-- Generated by org.testng.reporters.JUnitReportReporter -->
<testsuite hostname="Lenovo-PC" name="MyMavenProjectGroup.TestProject.googleTest" tests="1" failures="0" timestamp="6 Mar 2016 18:14:42 GMT" time="8.372" errors="0">
  <testcase name="googletestlogin" time="8.372" classname="MyMavenProjectGroup.TestProject.googleTest"/>
</testsuite> <!-- MyMavenProjectGroup.TestProject.googleTest -->
