<?xml version="1.0" encoding="UTF-8"?>
<!-- Generated by org.testng.reporters.JUnitReportReporter -->
<testsuite hostname="Lenovo-PC" name="MyMavenProjectGroup.TestProject.yahooTest" tests="1" failures="0" timestamp="6 Mar 2016 18:14:42 GMT" time="12.297" errors="0">
  <testcase name="yahootestlogin" time="12.297" classname="MyMavenProjectGroup.TestProject.yahooTest"/>
</testsuite> <!-- MyMavenProjectGroup.TestProject.yahooTest -->
