<?xml version="1.0" encoding="UTF-8"?>
<!-- Generated by org.testng.reporters.JUnitReportReporter -->
<testsuite hostname="Lenovo-PC" name="Core_WebDriver_DataDriven_Framework.TestReports.AppTest" tests="1" failures="0" timestamp="8 Mar 2016 16:33:34 GMT" time="0.003" errors="0">
  <testcase name="testApp" time="0.003" classname="Core_WebDriver_DataDriven_Framework.TestReports.AppTest"/>
</testsuite> <!-- Core_WebDriver_DataDriven_Framework.TestReports.AppTest -->
