<?xml version="1.0" encoding="UTF-8"?>
<!-- Generated by org.testng.reporters.JUnitReportReporter -->
<testsuite hostname="Lenovo-PC" name="MyMavenProjectGroup.TestProject.NewTest" tests="1" failures="0" timestamp="14 Mar 2016 12:23:26 GMT" time="0.026" errors="0">
  <testcase name="Test" time="0.026" classname="MyMavenProjectGroup.TestProject.NewTest"/>
</testsuite> <!-- MyMavenProjectGroup.TestProject.NewTest -->
