<?xml version="1.0" encoding="UTF-8"?>
<!-- Generated by org.testng.reporters.JUnitReportReporter -->
<testsuite hostname="Lenovo-PC" name="MyMavenProjectGroup.TestProject.YahooRegisiterTest_Parameter_TestNg" tests="3" failures="0" timestamp="7 Mar 2016 15:08:40 GMT" time="0.000" errors="0">
  <testcase name="testregisiter" time="0.000" classname="MyMavenProjectGroup.TestProject.YahooRegisiterTest_Parameter_TestNg"/>
  <testcase name="testregisiter" time="0.000" classname="MyMavenProjectGroup.TestProject.YahooRegisiterTest_Parameter_TestNg"/>
  <testcase name="testregisiter" time="0.000" classname="MyMavenProjectGroup.TestProject.YahooRegisiterTest_Parameter_TestNg"/>
</testsuite>
