<?xml version="1.0" encoding="UTF-8"?>
<!-- Generated by org.testng.reporters.JUnitReportReporter -->
<testsuite hostname="Lenovo-PC" name="MyMavenProjectGroup.TestProject.googleTest" tests="1" failures="0" timestamp="7 Mar 2016 13:56:02 GMT" time="11.192" errors="0">
  <testcase name="googletestlogin" time="11.192" classname="MyMavenProjectGroup.TestProject.googleTest"/>
</testsuite> <!-- MyMavenProjectGroup.TestProject.googleTest -->
