<?xml version="1.0" encoding="UTF-8"?>
<!-- Generated by org.testng.reporters.JUnitReportReporter -->
<testsuite hostname="Lenovo-PC" name="com.qtpselenium.framework.datadriven.stocksuite.AddStock" tests="1" failures="0" timestamp="4 Apr 2016 17:10:41 GMT" time="42.635" errors="0">
  <testcase name="AddStock" time="42.635" classname="com.qtpselenium.framework.datadriven.stocksuite.AddStock"/>
</testsuite> <!-- com.qtpselenium.framework.datadriven.stocksuite.AddStock -->
