<?xml version="1.0" encoding="UTF-8"?>
<!-- Generated by org.testng.reporters.JUnitReportReporter -->
<testsuite hostname="Lenovo-PC" name="TestA" tests="2" failures="0" timestamp="5 Feb 2017 08:08:27 GMT" time="0.019" errors="0">
  <testcase name="testA" time="0.016" classname="TestA"/>
  <testcase name="testA" time="0.003" classname="TestA"/>
</testsuite> <!-- TestA -->
