<?xml version="1.0" encoding="UTF-8"?>
<!-- Generated by org.testng.reporters.JUnitReportReporter -->
<testsuite hostname="Lenovo-PC" name="Grid.xGoogleSearch" tests="2" failures="0" timestamp="13 Mar 2016 08:55:22 GMT" time="32.417" errors="0">
  <testcase name="googlesearch" time="17.267" classname="Grid.xGoogleSearch"/>
  <testcase name="googlesearch" time="15.150" classname="Grid.xGoogleSearch"/>
</testsuite> <!-- Grid.xGoogleSearch -->
