<?xml version="1.0" encoding="UTF-8"?>
<!-- Generated by org.testng.reporters.JUnitReportReporter -->
<testsuite hostname="Lenovo-PC" name="Grid.GoogleSearch" tests="2" failures="0" timestamp="17 Apr 2016 17:51:57 GMT" time="25.436" errors="0">
  <testcase name="testsearch" time="11.096" classname="Grid.GoogleSearch"/>
  <testcase name="testsearch" time="14.340" classname="Grid.GoogleSearch"/>
</testsuite> <!-- Grid.GoogleSearch -->
