<?xml version="1.0" encoding="UTF-8"?>
<!-- Generated by org.testng.reporters.JUnitReportReporter -->
<testsuite hostname="Lenovo-PC" name="test.YahooRegisiterTest_Parameter_TestNg" tests="3" failures="0" timestamp="7 Mar 2016 15:04:13 GMT" time="0.000" errors="0">
  <testcase name="testregisiter" time="0.000" classname="test.YahooRegisiterTest_Parameter_TestNg"/>
  <testcase name="testregisiter" time="0.000" classname="test.YahooRegisiterTest_Parameter_TestNg"/>
  <testcase name="testregisiter" time="0.000" classname="test.YahooRegisiterTest_Parameter_TestNg"/>
</testsuite> <!-- test.YahooRegisiterTest_Parameter_TestNg -->
