<?xml version="1.0" encoding="UTF-8"?>
<!-- Generated by org.testng.reporters.JUnitReportReporter -->
<testsuite hostname="Lenovo-PC" name="test.YahooNewsTest" tests="1" failures="0" timestamp="7 Mar 2016 15:04:13 GMT" time="0.000" errors="0">
  <testcase name="TestNews" time="0.000" classname="test.YahooNewsTest"/>
</testsuite> <!-- test.YahooNewsTest -->
