<?xml version="1.0" encoding="UTF-8"?>
<!-- Generated by org.testng.reporters.JUnitReportReporter -->
<testsuite hostname="Lenovo-PC" name="YahooTest.NewTest" tests="1" failures="0" timestamp="11 Feb 2016 18:29:24 GMT" time="0.016" errors="0">
  <testcase name="f" time="0.016" classname="YahooTest.NewTest"/>
</testsuite> <!-- YahooTest.NewTest -->
