<?xml version="1.0" encoding="UTF-8"?>
<!-- Generated by org.testng.reporters.JUnitReportReporter -->
<testsuite hostname="Lenovo-PC" name="com.qtpselenium.framework.datadriven.suiteA.Test2" tests="3" failures="0" timestamp="8 Mar 2016 16:34:49 GMT" time="0.194" errors="0">
  <testcase name="test2" time="0.052" classname="com.qtpselenium.framework.datadriven.suiteA.Test2"/>
  <testcase name="test2" time="0.047" classname="com.qtpselenium.framework.datadriven.suiteA.Test2"/>
  <testcase name="test2" time="0.095" classname="com.qtpselenium.framework.datadriven.suiteA.Test2"/>
</testsuite> <!-- com.qtpselenium.framework.datadriven.suiteA.Test2 -->
