<?xml version="1.0" encoding="UTF-8"?>
<!-- Generated by org.testng.reporters.JUnitReportReporter -->
<testsuite hostname="Lenovo-PC" name="com.qtpselenium.framework.datadriven.suiteA.Test1" tests="3" failures="0" timestamp="8 Mar 2016 16:34:49 GMT" time="0.236" errors="0">
  <testcase name="test1" time="0.070" classname="com.qtpselenium.framework.datadriven.suiteA.Test1"/>
  <testcase name="test1" time="0.060" classname="com.qtpselenium.framework.datadriven.suiteA.Test1"/>
  <testcase name="test1" time="0.106" classname="com.qtpselenium.framework.datadriven.suiteA.Test1"/>
</testsuite> <!-- com.qtpselenium.framework.datadriven.suiteA.Test1 -->
