<?xml version="1.0" encoding="UTF-8"?>
<!-- Generated by org.testng.reporters.JUnitReportReporter -->
<testsuite hostname="Lenovo-PC" name="com.qtpselenium.framework.datadriven.suiteA.Test4" tests="2" failures="0" timestamp="8 Mar 2016 16:34:49 GMT" time="0.133" errors="0">
  <testcase name="test4" time="0.078" classname="com.qtpselenium.framework.datadriven.suiteA.Test4"/>
  <testcase name="test4" time="0.055" classname="com.qtpselenium.framework.datadriven.suiteA.Test4"/>
</testsuite> <!-- com.qtpselenium.framework.datadriven.suiteA.Test4 -->
