<?xml version="1.0" encoding="UTF-8"?>
<!-- Generated by org.testng.reporters.JUnitReportReporter -->
<testsuite hostname="Lenovo-PC" name="com.qtpselenium.framework.datadriven.suiteA.Test1" tests="3" failures="0" timestamp="5 Mar 2016 16:45:05 GMT" time="0.293" errors="0">
  <testcase name="LoginTest" time="0.138" classname="com.qtpselenium.framework.datadriven.suiteA.Test1"/>
  <testcase name="LoginTest" time="0.082" classname="com.qtpselenium.framework.datadriven.suiteA.Test1"/>
  <testcase name="LoginTest" time="0.073" classname="com.qtpselenium.framework.datadriven.suiteA.Test1"/>
</testsuite> <!-- com.qtpselenium.framework.datadriven.suiteA.Test1 -->
