<?xml version="1.0" encoding="UTF-8"?>
<!-- Generated by org.testng.reporters.JUnitReportReporter -->
<testsuite hostname="Lenovo-PC" name="com.qtpselenium.framework.datadriven.suiteA.PortFolio" tests="3" failures="0" timestamp="5 Mar 2016 16:48:13 GMT" time="0.259" errors="0">
  <testcase name="LoginTest" time="0.073" classname="com.qtpselenium.framework.datadriven.suiteA.PortFolio"/>
  <testcase name="LoginTest" time="0.119" classname="com.qtpselenium.framework.datadriven.suiteA.PortFolio"/>
  <testcase name="LoginTest" time="0.067" classname="com.qtpselenium.framework.datadriven.suiteA.PortFolio"/>
</testsuite> <!-- com.qtpselenium.framework.datadriven.suiteA.PortFolio -->
