<?xml version="1.0" encoding="UTF-8"?>
<!-- Generated by org.testng.reporters.JUnitReportReporter -->
<testsuite hostname="Lenovo-PC" name="com.qtpselenium.framework.datadriven.suiteA.Test2" tests="3" failures="0" timestamp="5 Mar 2016 16:49:12 GMT" time="0.259" errors="0">
  <testcase name="test2" time="0.070" classname="com.qtpselenium.framework.datadriven.suiteA.Test2"/>
  <testcase name="test2" time="0.120" classname="com.qtpselenium.framework.datadriven.suiteA.Test2"/>
  <testcase name="test2" time="0.069" classname="com.qtpselenium.framework.datadriven.suiteA.Test2"/>
</testsuite> <!-- com.qtpselenium.framework.datadriven.suiteA.Test2 -->
