<?xml version="1.0" encoding="UTF-8"?>
<!-- Generated by org.testng.reporters.JUnitReportReporter -->
<testsuite hostname="Lenovo-PC" name="com.qtpselenium.framework.datadriven.PortFolio.AddingStock" tests="1" failures="0" timestamp="14 Mar 2016 18:39:57 GMT" time="48.178" errors="0">
  <testcase name="test3" time="48.178" classname="com.qtpselenium.framework.datadriven.PortFolio.AddingStock"/>
</testsuite> <!-- com.qtpselenium.framework.datadriven.PortFolio.AddingStock -->
