<?xml version="1.0" encoding="UTF-8"?>
<!-- Generated by org.testng.reporters.JUnitReportReporter -->
<testsuite hostname="Lenovo-PC" name="com.qtpselenium.framework.datadriven.PortFolio.Test4" tests="2" failures="0" timestamp="14 Mar 2016 18:17:59 GMT" time="0.124" errors="0">
  <testcase name="test4" time="0.064" classname="com.qtpselenium.framework.datadriven.PortFolio.Test4"/>
  <testcase name="test4" time="0.060" classname="com.qtpselenium.framework.datadriven.PortFolio.Test4"/>
</testsuite> <!-- com.qtpselenium.framework.datadriven.PortFolio.Test4 -->
