<?xml version="1.0" encoding="UTF-8"?>
<!-- Generated by org.testng.reporters.JUnitReportReporter -->
<testsuite hostname="Lenovo-PC" name="com.olx.Testcases.LoginTest" tests="1" failures="0" timestamp="12 Jun 2016 05:51:58 GMT" time="0.682" errors="0">
  <testcase name="simpleTest" time="0.682" classname="com.olx.Testcases.LoginTest"/>
</testsuite> <!-- com.olx.Testcases.LoginTest -->
