<?xml version="1.0" encoding="UTF-8"?>
<!-- Generated by org.testng.reporters.JUnitReportReporter -->
<testsuite hostname="Lenovo-PC" name="com.qtpselenium.suiteC.TestCase_C1" tests="4" failures="0" timestamp="18 May 2016 15:28:00 GMT" time="0.018" errors="4">
  <testcase name="testcaseC1" time="0.001" classname="com.qtpselenium.suiteC.TestCase_C1"/>
  <testcase name="testcaseC1" time="0.001" classname="com.qtpselenium.suiteC.TestCase_C1"/>
  <testcase name="testcaseC1" time="0.001" classname="com.qtpselenium.suiteC.TestCase_C1"/>
  <testcase name="testcaseC1" time="0.015" classname="com.qtpselenium.suiteC.TestCase_C1"/>
</testsuite> <!-- com.qtpselenium.suiteC.TestCase_C1 -->
