<?xml version="1.0" encoding="UTF-8"?>
<!-- Generated by org.testng.reporters.JUnitReportReporter -->
<testsuite hostname="Lenovo-PC" name="com.qtpselenium.suiteC.TestCase_C3" tests="1" failures="0" timestamp="18 May 2016 15:28:00 GMT" time="0.001" errors="0">
  <testcase name="testcaseC3" time="0.001" classname="com.qtpselenium.suiteC.TestCase_C3"/>
</testsuite> <!-- com.qtpselenium.suiteC.TestCase_C3 -->
