<?xml version="1.0" encoding="UTF-8"?>
<!-- Generated by org.testng.reporters.JUnitReportReporter -->
<testsuite hostname="Lenovo-PC" name="Test_rough.TestNgSequece" tests="1" failures="0" timestamp="2 Mar 2016 04:57:43 GMT" time="0.015" errors="0">
  <testcase name="testCase1" time="0.015" classname="Test_rough.TestNgSequece"/>
</testsuite> <!-- Test_rough.TestNgSequece -->
