<?xml version="1.0" encoding="UTF-8"?>
<!-- Generated by org.testng.reporters.JUnitReportReporter -->
<testsuite hostname="Lenovo-PC" name="com.qtpselenium.framework.datadriven.PortFolio.Test2" tests="3" failures="0" timestamp="8 Mar 2016 16:40:14 GMT" time="0.368" errors="0">
  <testcase name="test2" time="0.091" classname="com.qtpselenium.framework.datadriven.PortFolio.Test2"/>
  <testcase name="test2" time="0.173" classname="com.qtpselenium.framework.datadriven.PortFolio.Test2"/>
  <testcase name="test2" time="0.104" classname="com.qtpselenium.framework.datadriven.PortFolio.Test2"/>
</testsuite> <!-- com.qtpselenium.framework.datadriven.PortFolio.Test2 -->
