<?xml version="1.0" encoding="UTF-8"?>
<!-- Generated by org.testng.reporters.JUnitReportReporter -->
<testsuite hostname="Lenovo-PC" name="SuiteB.Test4" tests="1" failures="0" timestamp="2 Apr 2016 09:10:06 GMT" time="0.002" errors="0">
  <testcase name="test4" time="0.002" classname="SuiteB.Test4"/>
</testsuite> <!-- SuiteB.Test4 -->
