<?xml version="1.0" encoding="UTF-8"?>
<!-- Generated by org.testng.reporters.JUnitReportReporter -->
<testsuite hostname="Lenovo-PC" name="testcases.TestCases" tests="8" failures="0" timestamp="18 Feb 2016 18:33:13 GMT" time="0.019" errors="0">
  <testcase name="test11" time="0.009" classname="testcases.TestCases"/>
  <testcase name="test22" time="0.001" classname="testcases.TestCases"/>
  <testcase name="testA" time="0.003" classname="testcases.TestCases"/>
  <testcase name="testA" time="0.001" classname="testcases.TestCases"/>
  <testcase name="testB" time="0.001" classname="testcases.TestCases"/>
  <testcase name="testB" time="0.002" classname="testcases.TestCases"/>
  <testcase name="test22" time="0.001" classname="testcases.TestCases"/>
  <testcase name="test11" time="0.001" classname="testcases.TestCases"/>
</testsuite> <!-- testcases.TestCases -->
