<?xml version="1.0" encoding="UTF-8"?>
<!-- Generated by org.testng.reporters.JUnitReportReporter -->
<testsuite hostname="Lenovo-PC" name="testcases.RegTest" tests="2" failures="0" timestamp="14 Feb 2016 17:56:29 GMT" time="0.010" errors="0">
  <testcase name="regisiter" time="0.009" classname="testcases.RegTest"/>
  <testcase name="regisiter" time="0.001" classname="testcases.RegTest"/>
</testsuite> <!-- testcases.RegTest -->
