<?xml version="1.0" encoding="UTF-8"?>
<!-- Generated by org.testng.reporters.JUnitReportReporter -->
<testsuite hostname="Lenovo-PC" name="testcases.sampletest" tests="4" failures="0" timestamp="18 Feb 2016 18:08:36 GMT" time="0.027" errors="0">
  <testcase name="testlogin" time="0.018" classname="testcases.sampletest"/>
  <testcase name="changepassword" time="0.005" classname="testcases.sampletest"/>
  <testcase name="logout" time="0.003" classname="testcases.sampletest"/>
  <testcase name="testlogin" time="0.001" classname="testcases.sampletest"/>
</testsuite> <!-- testcases.sampletest -->
